<?xml version="1.0" encoding="UTF-8"?>
<testng-results skipped="0" failed="0" total="1" passed="1">
  <reporter-output>
  </reporter-output>
  <suite name="Default suite" duration-ms="173853" started-at="2016-09-09T06:54:24Z" finished-at="2016-09-09T06:57:17Z">
    <groups>
    </groups>
    <test name="Default test" duration-ms="173853" started-at="2016-09-09T06:54:24Z" finished-at="2016-09-09T06:57:17Z">
      <class name="COAProject.Release1.Create_NewCustomer">
        <test-method status="PASS" signature="beforeMethod()[pri:0, instance:COAProject.Release1.Create_NewCustomer@754ba872]" name="beforeMethod" is-config="true" duration-ms="11041" started-at="2016-09-09T16:54:25Z" finished-at="2016-09-09T16:54:36Z">
          <reporter-output>
          </reporter-output>
        </test-method> <!-- beforeMethod -->
        <test-method status="PASS" signature="NewCustomer(java.lang.String, java.lang.String, java.lang.String, java.lang.String, java.lang.String, java.lang.String, java.lang.String, java.lang.String, java.lang.String, java.lang.String, java.lang.String, java.lang.String, java.lang.String, java.lang.String, java.lang.String)[pri:0, instance:COAProject.Release1.Create_NewCustomer@754ba872]" name="NewCustomer" duration-ms="153923" started-at="2016-09-09T16:54:36Z" data-provider="CreateNewCustomer" finished-at="2016-09-09T16:57:10Z">
          <params>
            <param index="0">
              <value>
                <![CDATA[TC1]]>
              </value>
            </param>
            <param index="1">
              <value>
                <![CDATA[Mrs.]]>
              </value>
            </param>
            <param index="2">
              <value>
                <![CDATA[Simran]]>
              </value>
            </param>
            <param index="3">
              <value>
                <![CDATA[Shetty]]>
              </value>
            </param>
            <param index="4">
              <value>
                <![CDATA[0412341234]]>
              </value>
            </param>
            <param index="5">
              <value>
                <![CDATA[0212341234]]>
              </value>
            </param>
            <param index="6">
              <value>
                <![CDATA[simran.shetty@example.com]]>
              </value>
            </param>
            <param index="7">
              <value>
                <![CDATA[24882536065]]>
              </value>
            </param>
            <param index="8">
              <value>
                <![CDATA[Kings Café george st]]>
              </value>
            </param>
            <param index="9">
              <value>
                <![CDATA[Kings Café]]>
              </value>
            </param>
            <param index="10">
              <value>
                <![CDATA[882536065]]>
              </value>
            </param>
            <param index="11">
              <value>
                <![CDATA[Director]]>
              </value>
            </param>
            <param index="12">
              <value>
                <![CDATA[Small Bar]]>
              </value>
            </param>
            <param index="13">
              <value>
                <![CDATA[35, Pitt Street, Sydney 2000]]>
              </value>
            </param>
            <param index="14">
              <value>
                <![CDATA[1]]>
              </value>
            </param>
          </params>
          <reporter-output>
          </reporter-output>
        </test-method> <!-- NewCustomer -->
        <test-method status="PASS" signature="afterMethod()[pri:0, instance:COAProject.Release1.Create_NewCustomer@754ba872]" name="afterMethod" is-config="true" duration-ms="7001" started-at="2016-09-09T16:57:10Z" finished-at="2016-09-09T16:57:17Z">
          <reporter-output>
          </reporter-output>
        </test-method> <!-- afterMethod -->
      </class> <!-- COAProject.Release1.Create_NewCustomer -->
    </test> <!-- Default test -->
  </suite> <!-- Default suite -->
</testng-results>
